# JRE version: Java(TM) SE Runtime Environment (23.0.1+11) (build 23.0.1+11-39)
# Java VM: Java HotSpot(TM) 64-Bit Server VM (23.0.1+11-39, mixed mode, sharing, tiered, compressed oops, compressed class ptrs, g1 gc, windows-amd64)
GC Precious Log:
 CardTable entry size: 512
 Card Set container configuration: InlinePtr #cards 5 size 8 Array Of Cards #cards 10 size 36 Howl #buckets 4 coarsen threshold 1843 Howl Bitmap #cards 512 size 80 coarsen threshold 460 Card regions per heap region 1 cards per card region 2048
 CPUs: 8 total, 8 available
 Memory: 7882M
 Large Page Support: Disabled
 NUMA Support: Disabled
 Compressed Oops: Enabled (32-bit)
 Heap Region Size: 1M
 Heap Min Capacity: 8M
 Heap Initial Capacity: 124M
 Heap Max Capacity: 2G
 Pre-touch: Disabled
 Parallel Workers: 8
 Concurrent Workers: 2
 Concurrent Refinement Workers: 8
 Periodic GC: Disabled
Heap:
 garbage-first heap   total reserved 2097152K, committed 332800K, used 229103K [0x0000000080000000, 0x0000000100000000)
  region size 1024K, 37 young (37888K), 13 survivors (13312K)
 Metaspace       used 163434K, committed 166208K, reserved 1245184K
  class space    used 21959K, committed 23296K, reserved 1048576K
GC Heap History (20 events):
Event: 21.919 GC heap before
{Heap before GC invocations=48 (full 0):
 garbage-first heap   total reserved 2097152K, committed 291840K, used 276070K [0x0000000080000000, 0x0000000100000000)
  region size 1024K, 90 young (92160K), 5 survivors (5120K)
 Metaspace       used 145300K, committed 148032K, reserved 1179648K
  class space    used 19746K, committed 21056K, reserved 1048576K
}
Event: 21.936 GC heap after
{Heap after GC invocations=49 (full 0):
 garbage-first heap   total reserved 2097152K, committed 295936K, used 189638K [0x0000000080000000, 0x0000000100000000)
  region size 1024K, 12 young (12288K), 12 survivors (12288K)
 Metaspace       used 145300K, committed 148032K, reserved 1179648K
  class space    used 19746K, committed 21056K, reserved 1048576K
}
Event: 22.362 GC heap before
{Heap before GC invocations=49 (full 0):
 garbage-first heap   total reserved 2097152K, committed 295936K, used 267462K [0x0000000080000000, 0x0000000100000000)
  region size 1024K, 88 young (90112K), 12 survivors (12288K)
 Metaspace       used 145302K, committed 148032K, reserved 1179648K
  class space    used 19746K, committed 21056K, reserved 1048576K
}
Event: 22.383 GC heap after
{Heap after GC invocations=50 (full 0):
 garbage-first heap   total reserved 2097152K, committed 295936K, used 194115K [0x0000000080000000, 0x0000000100000000)
  region size 1024K, 6 young (6144K), 6 survivors (6144K)
 Metaspace       used 145302K, committed 148032K, reserved 1179648K
  class space    used 19746K, committed 21056K, reserved 1048576K
}
Event: 22.913 GC heap before
{Heap before GC invocations=51 (full 0):
 garbage-first heap   total reserved 2097152K, committed 316416K, used 266819K [0x0000000080000000, 0x0000000100000000)
  region size 1024K, 82 young (83968K), 6 survivors (6144K)
 Metaspace       used 145302K, committed 148032K, reserved 1179648K
  class space    used 19746K, committed 21056K, reserved 1048576K
}
Event: 22.918 GC heap after
{Heap after GC invocations=52 (full 0):
 garbage-first heap   total reserved 2097152K, committed 316416K, used 190947K [0x0000000080000000, 0x0000000100000000)
  region size 1024K, 8 young (8192K), 8 survivors (8192K)
 Metaspace       used 145302K, committed 148032K, reserved 1179648K
  class space    used 19746K, committed 21056K, reserved 1048576K
}
Event: 23.678 GC heap before
{Heap before GC invocations=52 (full 0):
 garbage-first heap   total reserved 2097152K, committed 316416K, used 285155K [0x0000000080000000, 0x0000000100000000)
  region size 1024K, 100 young (102400K), 8 survivors (8192K)
 Metaspace       used 145302K, committed 148032K, reserved 1179648K
  class space    used 19746K, committed 21056K, reserved 1048576K
}
Event: 23.686 GC heap after
{Heap after GC invocations=53 (full 0):
 garbage-first heap   total reserved 2097152K, committed 316416K, used 187267K [0x0000000080000000, 0x0000000100000000)
  region size 1024K, 10 young (10240K), 10 survivors (10240K)
 Metaspace       used 145302K, committed 148032K, reserved 1179648K
  class space    used 19746K, committed 21056K, reserved 1048576K
}
Event: 24.224 GC heap before
{Heap before GC invocations=53 (full 0):
 garbage-first heap   total reserved 2097152K, committed 316416K, used 281475K [0x0000000080000000, 0x0000000100000000)
  region size 1024K, 102 young (104448K), 10 survivors (10240K)
 Metaspace       used 145302K, committed 148032K, reserved 1179648K
  class space    used 19746K, committed 21056K, reserved 1048576K
}
Event: 24.233 GC heap after
{Heap after GC invocations=54 (full 0):
 garbage-first heap   total reserved 2097152K, committed 316416K, used 191291K [0x0000000080000000, 0x0000000100000000)
  region size 1024K, 11 young (11264K), 11 survivors (11264K)
 Metaspace       used 145302K, committed 148032K, reserved 1179648K
  class space    used 19746K, committed 21056K, reserved 1048576K
}
Event: 24.782 GC heap before
{Heap before GC invocations=55 (full 0):
 garbage-first heap   total reserved 2097152K, committed 321536K, used 286523K [0x0000000080000000, 0x0000000100000000)
  region size 1024K, 104 young (106496K), 11 survivors (11264K)
 Metaspace       used 145302K, committed 148032K, reserved 1179648K
  class space    used 19746K, committed 21056K, reserved 1048576K
}
Event: 24.791 GC heap after
{Heap after GC invocations=56 (full 0):
 garbage-first heap   total reserved 2097152K, committed 321536K, used 194632K [0x0000000080000000, 0x0000000100000000)
  region size 1024K, 10 young (10240K), 10 survivors (10240K)
 Metaspace       used 145302K, committed 148032K, reserved 1179648K
  class space    used 19746K, committed 21056K, reserved 1048576K
}
Event: 25.259 GC heap before
{Heap before GC invocations=56 (full 0):
 garbage-first heap   total reserved 2097152K, committed 321536K, used 291912K [0x0000000080000000, 0x0000000100000000)
  region size 1024K, 105 young (107520K), 10 survivors (10240K)
 Metaspace       used 145302K, committed 148032K, reserved 1179648K
  class space    used 19746K, committed 21056K, reserved 1048576K
}
Event: 25.269 GC heap after
{Heap after GC invocations=57 (full 0):
 garbage-first heap   total reserved 2097152K, committed 321536K, used 194086K [0x0000000080000000, 0x0000000100000000)
  region size 1024K, 10 young (10240K), 10 survivors (10240K)
 Metaspace       used 145302K, committed 148032K, reserved 1179648K
  class space    used 19746K, committed 21056K, reserved 1048576K
}
Event: 25.626 GC heap before
{Heap before GC invocations=57 (full 0):
 garbage-first heap   total reserved 2097152K, committed 321536K, used 247334K [0x0000000080000000, 0x0000000100000000)
  region size 1024K, 64 young (65536K), 10 survivors (10240K)
 Metaspace       used 145980K, committed 148672K, reserved 1179648K
  class space    used 19808K, committed 21120K, reserved 1048576K
}
Event: 25.634 GC heap after
{Heap after GC invocations=58 (full 0):
 garbage-first heap   total reserved 2097152K, committed 321536K, used 197051K [0x0000000080000000, 0x0000000100000000)
  region size 1024K, 9 young (9216K), 9 survivors (9216K)
 Metaspace       used 145980K, committed 148672K, reserved 1179648K
  class space    used 19808K, committed 21120K, reserved 1048576K
}
Event: 26.698 GC heap before
{Heap before GC invocations=59 (full 0):
 garbage-first heap   total reserved 2097152K, committed 332800K, used 299451K [0x0000000080000000, 0x0000000100000000)
  region size 1024K, 103 young (105472K), 9 survivors (9216K)
 Metaspace       used 155764K, committed 158528K, reserved 1245184K
  class space    used 21004K, committed 22336K, reserved 1048576K
}
Event: 26.708 GC heap after
{Heap after GC invocations=60 (full 0):
 garbage-first heap   total reserved 2097152K, committed 332800K, used 200406K [0x0000000080000000, 0x0000000100000000)
  region size 1024K, 8 young (8192K), 8 survivors (8192K)
 Metaspace       used 155764K, committed 158528K, reserved 1245184K
  class space    used 21004K, committed 22336K, reserved 1048576K
}
Event: 27.381 GC heap before
{Heap before GC invocations=60 (full 0):
 garbage-first heap   total reserved 2097152K, committed 332800K, used 304854K [0x0000000080000000, 0x0000000100000000)
  region size 1024K, 110 young (112640K), 8 survivors (8192K)
 Metaspace       used 158157K, committed 160896K, reserved 1245184K
  class space    used 21285K, committed 22592K, reserved 1048576K
}
Event: 27.401 GC heap after
{Heap after GC invocations=61 (full 0):
 garbage-first heap   total reserved 2097152K, committed 332800K, used 205551K [0x0000000080000000, 0x0000000100000000)
  region size 1024K, 13 young (13312K), 13 survivors (13312K)
 Metaspace       used 158157K, committed 160896K, reserved 1245184K
  class space    used 21285K, committed 22592K, reserved 1048576K
}

