# JRE version: Java(TM) SE Runtime Environment (23.0.1+11) (build 23.0.1+11-39)
# Java VM: Java HotSpot(TM) 64-Bit Server VM (23.0.1+11-39, mixed mode, sharing, tiered, compressed oops, compressed class ptrs, g1 gc, windows-amd64)
GC Precious Log:
 CardTable entry size: 512
 Card Set container configuration: InlinePtr #cards 5 size 8 Array Of Cards #cards 10 size 36 Howl #buckets 4 coarsen threshold 1843 Howl Bitmap #cards 512 size 80 coarsen threshold 460 Card regions per heap region 1 cards per card region 2048
 CPUs: 8 total, 8 available
 Memory: 7882M
 Large Page Support: Disabled
 NUMA Support: Disabled
 Compressed Oops: Enabled (32-bit)
 Heap Region Size: 1M
 Heap Min Capacity: 8M
 Heap Initial Capacity: 124M
 Heap Max Capacity: 2G
 Pre-touch: Disabled
 Parallel Workers: 8
 Concurrent Workers: 2
 Concurrent Refinement Workers: 8
 Periodic GC: Disabled
Heap:
 garbage-first heap   total reserved 2097152K, committed 347136K, used 241751K [0x0000000080000000, 0x0000000100000000)
  region size 1024K, 20 young (20480K), 6 survivors (6144K)
 Metaspace       used 195894K, committed 198912K, reserved 1245184K
  class space    used 26346K, committed 27776K, reserved 1048576K
GC Heap History (20 events):
Event: 1365.109 GC heap before
{Heap before GC invocations=66 (full 0):
 garbage-first heap   total reserved 2097152K, committed 290816K, used 184294K [0x0000000080000000, 0x0000000100000000)
  region size 1024K, 32 young (32768K), 6 survivors (6144K)
 Metaspace       used 148537K, committed 151168K, reserved 1179648K
  class space    used 21021K, committed 22272K, reserved 1048576K
}
Event: 1365.122 GC heap after
{Heap after GC invocations=67 (full 0):
 garbage-first heap   total reserved 2097152K, committed 290816K, used 159392K [0x0000000080000000, 0x0000000100000000)
  region size 1024K, 7 young (7168K), 7 survivors (7168K)
 Metaspace       used 148537K, committed 151168K, reserved 1179648K
  class space    used 21021K, committed 22272K, reserved 1048576K
}
Event: 1366.680 GC heap before
{Heap before GC invocations=68 (full 0):
 garbage-first heap   total reserved 2097152K, committed 290816K, used 279200K [0x0000000080000000, 0x0000000100000000)
  region size 1024K, 111 young (113664K), 7 survivors (7168K)
 Metaspace       used 152465K, committed 155072K, reserved 1245184K
  class space    used 21491K, committed 22720K, reserved 1048576K
}
Event: 1366.714 GC heap after
{Heap after GC invocations=69 (full 0):
 garbage-first heap   total reserved 2097152K, committed 309248K, used 187744K [0x0000000080000000, 0x0000000100000000)
  region size 1024K, 14 young (14336K), 14 survivors (14336K)
 Metaspace       used 152465K, committed 155072K, reserved 1245184K
  class space    used 21491K, committed 22720K, reserved 1048576K
}
Event: 1367.849 GC heap before
{Heap before GC invocations=69 (full 0):
 garbage-first heap   total reserved 2097152K, committed 309248K, used 277856K [0x0000000080000000, 0x0000000100000000)
  region size 1024K, 102 young (104448K), 14 survivors (14336K)
 Metaspace       used 162304K, committed 165312K, reserved 1245184K
  class space    used 22629K, committed 24064K, reserved 1048576K
}
Event: 1367.866 GC heap after
{Heap after GC invocations=70 (full 0):
 garbage-first heap   total reserved 2097152K, committed 309248K, used 183852K [0x0000000080000000, 0x0000000100000000)
  region size 1024K, 7 young (7168K), 7 survivors (7168K)
 Metaspace       used 162304K, committed 165312K, reserved 1245184K
  class space    used 22629K, committed 24064K, reserved 1048576K
}
Event: 1368.553 GC heap before
{Heap before GC invocations=70 (full 0):
 garbage-first heap   total reserved 2097152K, committed 309248K, used 238124K [0x0000000080000000, 0x0000000100000000)
  region size 1024K, 61 young (62464K), 7 survivors (7168K)
 Metaspace       used 168699K, committed 171648K, reserved 1245184K
  class space    used 23427K, committed 24832K, reserved 1048576K
}
Event: 1368.563 GC heap after
{Heap after GC invocations=71 (full 0):
 garbage-first heap   total reserved 2097152K, committed 309248K, used 186368K [0x0000000080000000, 0x0000000100000000)
  region size 1024K, 9 young (9216K), 9 survivors (9216K)
 Metaspace       used 168699K, committed 171648K, reserved 1245184K
  class space    used 23427K, committed 24832K, reserved 1048576K
}
Event: 1369.497 GC heap before
{Heap before GC invocations=72 (full 0):
 garbage-first heap   total reserved 2097152K, committed 312320K, used 283648K [0x0000000080000000, 0x0000000100000000)
  region size 1024K, 104 young (106496K), 9 survivors (9216K)
 Metaspace       used 174839K, committed 177792K, reserved 1245184K
  class space    used 24085K, committed 25536K, reserved 1048576K
}
Event: 1369.513 GC heap after
{Heap after GC invocations=73 (full 0):
 garbage-first heap   total reserved 2097152K, committed 312320K, used 193294K [0x0000000080000000, 0x0000000100000000)
  region size 1024K, 11 young (11264K), 11 survivors (11264K)
 Metaspace       used 174839K, committed 177792K, reserved 1245184K
  class space    used 24085K, committed 25536K, reserved 1048576K
}
Event: 1370.621 GC heap before
{Heap before GC invocations=73 (full 0):
 garbage-first heap   total reserved 2097152K, committed 312320K, used 282382K [0x0000000080000000, 0x0000000100000000)
  region size 1024K, 99 young (101376K), 11 survivors (11264K)
 Metaspace       used 187734K, committed 190656K, reserved 1245184K
  class space    used 25474K, committed 26880K, reserved 1048576K
}
Event: 1370.639 GC heap after
{Heap after GC invocations=74 (full 0):
 garbage-first heap   total reserved 2097152K, committed 312320K, used 192402K [0x0000000080000000, 0x0000000100000000)
  region size 1024K, 9 young (9216K), 9 survivors (9216K)
 Metaspace       used 187734K, committed 190656K, reserved 1245184K
  class space    used 25474K, committed 26880K, reserved 1048576K
}
Event: 1370.980 GC heap before
{Heap before GC invocations=74 (full 0):
 garbage-first heap   total reserved 2097152K, committed 312320K, used 222098K [0x0000000080000000, 0x0000000100000000)
  region size 1024K, 39 young (39936K), 9 survivors (9216K)
 Metaspace       used 188274K, committed 191168K, reserved 1245184K
  class space    used 25547K, committed 26944K, reserved 1048576K
}
Event: 1370.995 GC heap after
{Heap after GC invocations=75 (full 0):
 garbage-first heap   total reserved 2097152K, committed 312320K, used 197611K [0x0000000080000000, 0x0000000100000000)
  region size 1024K, 7 young (7168K), 7 survivors (7168K)
 Metaspace       used 188274K, committed 191168K, reserved 1245184K
  class space    used 25547K, committed 26944K, reserved 1048576K
}
Event: 1371.960 GC heap before
{Heap before GC invocations=76 (full 0):
 garbage-first heap   total reserved 2097152K, committed 331776K, used 288747K [0x0000000080000000, 0x0000000100000000)
  region size 1024K, 95 young (97280K), 7 survivors (7168K)
 Metaspace       used 190074K, committed 193024K, reserved 1245184K
  class space    used 25650K, committed 27072K, reserved 1048576K
}
Event: 1371.972 GC heap after
{Heap after GC invocations=77 (full 0):
 garbage-first heap   total reserved 2097152K, committed 331776K, used 207158K [0x0000000080000000, 0x0000000100000000)
  region size 1024K, 12 young (12288K), 12 survivors (12288K)
 Metaspace       used 190074K, committed 193024K, reserved 1245184K
  class space    used 25650K, committed 27072K, reserved 1048576K
}
Event: 1373.466 GC heap before
{Heap before GC invocations=77 (full 0):
 garbage-first heap   total reserved 2097152K, committed 331776K, used 314678K [0x0000000080000000, 0x0000000100000000)
  region size 1024K, 104 young (106496K), 12 survivors (12288K)
 Metaspace       used 195894K, committed 198912K, reserved 1245184K
  class space    used 26346K, committed 27776K, reserved 1048576K
}
Event: 1373.493 GC heap after
{Heap after GC invocations=78 (full 0):
 garbage-first heap   total reserved 2097152K, committed 347136K, used 224753K [0x0000000080000000, 0x0000000100000000)
  region size 1024K, 13 young (13312K), 13 survivors (13312K)
 Metaspace       used 195894K, committed 198912K, reserved 1245184K
  class space    used 26346K, committed 27776K, reserved 1048576K
}
Event: 1374.661 GC heap before
{Heap before GC invocations=78 (full 0):
 garbage-first heap   total reserved 2097152K, committed 347136K, used 313841K [0x0000000080000000, 0x0000000100000000)
  region size 1024K, 100 young (102400K), 13 survivors (13312K)
 Metaspace       used 195894K, committed 198912K, reserved 1245184K
  class space    used 26346K, committed 27776K, reserved 1048576K
}
Event: 1374.677 GC heap after
{Heap after GC invocations=79 (full 0):
 garbage-first heap   total reserved 2097152K, committed 347136K, used 228439K [0x0000000080000000, 0x0000000100000000)
  region size 1024K, 6 young (6144K), 6 survivors (6144K)
 Metaspace       used 195894K, committed 198912K, reserved 1245184K
  class space    used 26346K, committed 27776K, reserved 1048576K
}

