# JRE version: Java(TM) SE Runtime Environment (23.0.1+11) (build 23.0.1+11-39)
# Java VM: Java HotSpot(TM) 64-Bit Server VM (23.0.1+11-39, mixed mode, sharing, tiered, compressed oops, compressed class ptrs, g1 gc, windows-amd64)
GC Precious Log:
 CardTable entry size: 512
 Card Set container configuration: InlinePtr #cards 5 size 8 Array Of Cards #cards 10 size 36 Howl #buckets 4 coarsen threshold 1843 Howl Bitmap #cards 512 size 80 coarsen threshold 460 Card regions per heap region 1 cards per card region 2048
 CPUs: 8 total, 8 available
 Memory: 7882M
 Large Page Support: Disabled
 NUMA Support: Disabled
 Compressed Oops: Enabled (32-bit)
 Heap Region Size: 1M
 Heap Min Capacity: 8M
 Heap Initial Capacity: 124M
 Heap Max Capacity: 2G
 Pre-touch: Disabled
 Parallel Workers: 8
 Concurrent Workers: 2
 Concurrent Refinement Workers: 8
 Periodic GC: Disabled
Heap:
 garbage-first heap   total reserved 2097152K, committed 273408K, used 176202K [0x0000000080000000, 0x0000000100000000)
  region size 1024K, 11 young (11264K), 8 survivors (8192K)
 Metaspace       used 108310K, committed 110656K, reserved 1179648K
  class space    used 15249K, committed 16320K, reserved 1048576K
GC Heap History (20 events):
Event: 12.154 GC heap before
{Heap before GC invocations=36 (full 0):
 garbage-first heap   total reserved 2097152K, committed 234496K, used 210392K [0x0000000080000000, 0x0000000100000000)
  region size 1024K, 72 young (73728K), 4 survivors (4096K)
 Metaspace       used 88003K, committed 90240K, reserved 1179648K
  class space    used 12777K, committed 13824K, reserved 1048576K
}
Event: 12.161 GC heap after
{Heap after GC invocations=37 (full 0):
 garbage-first heap   total reserved 2097152K, committed 234496K, used 141841K [0x0000000080000000, 0x0000000100000000)
  region size 1024K, 6 young (6144K), 6 survivors (6144K)
 Metaspace       used 88003K, committed 90240K, reserved 1179648K
  class space    used 12777K, committed 13824K, reserved 1048576K
}
Event: 12.946 GC heap before
{Heap before GC invocations=37 (full 0):
 garbage-first heap   total reserved 2097152K, committed 234496K, used 208401K [0x0000000080000000, 0x0000000100000000)
  region size 1024K, 71 young (72704K), 6 survivors (6144K)
 Metaspace       used 88003K, committed 90240K, reserved 1179648K
  class space    used 12777K, committed 13824K, reserved 1048576K
}
Event: 12.953 GC heap after
{Heap after GC invocations=38 (full 0):
 garbage-first heap   total reserved 2097152K, committed 234496K, used 144892K [0x0000000080000000, 0x0000000100000000)
  region size 1024K, 8 young (8192K), 8 survivors (8192K)
 Metaspace       used 88003K, committed 90240K, reserved 1179648K
  class space    used 12777K, committed 13824K, reserved 1048576K
}
Event: 14.245 GC heap before
{Heap before GC invocations=39 (full 0):
 garbage-first heap   total reserved 2097152K, committed 242688K, used 212476K [0x0000000080000000, 0x0000000100000000)
  region size 1024K, 74 young (75776K), 8 survivors (8192K)
 Metaspace       used 88020K, committed 90304K, reserved 1179648K
  class space    used 12780K, committed 13824K, reserved 1048576K
}
Event: 14.251 GC heap after
{Heap after GC invocations=40 (full 0):
 garbage-first heap   total reserved 2097152K, committed 242688K, used 147517K [0x0000000080000000, 0x0000000100000000)
  region size 1024K, 8 young (8192K), 8 survivors (8192K)
 Metaspace       used 88020K, committed 90304K, reserved 1179648K
  class space    used 12780K, committed 13824K, reserved 1048576K
}
Event: 15.342 GC heap before
{Heap before GC invocations=40 (full 0):
 garbage-first heap   total reserved 2097152K, committed 242688K, used 219197K [0x0000000080000000, 0x0000000100000000)
  region size 1024K, 78 young (79872K), 8 survivors (8192K)
 Metaspace       used 88022K, committed 90304K, reserved 1179648K
  class space    used 12780K, committed 13824K, reserved 1048576K
}
Event: 15.355 GC heap after
{Heap after GC invocations=41 (full 0):
 garbage-first heap   total reserved 2097152K, committed 242688K, used 149676K [0x0000000080000000, 0x0000000100000000)
  region size 1024K, 9 young (9216K), 9 survivors (9216K)
 Metaspace       used 88022K, committed 90304K, reserved 1179648K
  class space    used 12780K, committed 13824K, reserved 1048576K
}
Event: 15.970 GC heap before
{Heap before GC invocations=41 (full 0):
 garbage-first heap   total reserved 2097152K, committed 242688K, used 219308K [0x0000000080000000, 0x0000000100000000)
  region size 1024K, 77 young (78848K), 9 survivors (9216K)
 Metaspace       used 88022K, committed 90304K, reserved 1179648K
  class space    used 12780K, committed 13824K, reserved 1048576K
}
Event: 15.979 GC heap after
{Heap after GC invocations=42 (full 0):
 garbage-first heap   total reserved 2097152K, committed 242688K, used 152568K [0x0000000080000000, 0x0000000100000000)
  region size 1024K, 8 young (8192K), 8 survivors (8192K)
 Metaspace       used 88022K, committed 90304K, reserved 1179648K
  class space    used 12780K, committed 13824K, reserved 1048576K
}
Event: 16.561 GC heap before
{Heap before GC invocations=43 (full 0):
 garbage-first heap   total reserved 2097152K, committed 256000K, used 220152K [0x0000000080000000, 0x0000000100000000)
  region size 1024K, 74 young (75776K), 8 survivors (8192K)
 Metaspace       used 88024K, committed 90304K, reserved 1179648K
  class space    used 12780K, committed 13824K, reserved 1048576K
}
Event: 16.569 GC heap after
{Heap after GC invocations=44 (full 0):
 garbage-first heap   total reserved 2097152K, committed 256000K, used 155571K [0x0000000080000000, 0x0000000100000000)
  region size 1024K, 8 young (8192K), 8 survivors (8192K)
 Metaspace       used 88024K, committed 90304K, reserved 1179648K
  class space    used 12780K, committed 13824K, reserved 1048576K
}
Event: 17.325 GC heap before
{Heap before GC invocations=44 (full 0):
 garbage-first heap   total reserved 2097152K, committed 256000K, used 233395K [0x0000000080000000, 0x0000000100000000)
  region size 1024K, 84 young (86016K), 8 survivors (8192K)
 Metaspace       used 88025K, committed 90304K, reserved 1179648K
  class space    used 12780K, committed 13824K, reserved 1048576K
}
Event: 17.336 GC heap after
{Heap after GC invocations=45 (full 0):
 garbage-first heap   total reserved 2097152K, committed 256000K, used 156729K [0x0000000080000000, 0x0000000100000000)
  region size 1024K, 8 young (8192K), 8 survivors (8192K)
 Metaspace       used 88025K, committed 90304K, reserved 1179648K
  class space    used 12780K, committed 13824K, reserved 1048576K
}
Event: 18.165 GC heap before
{Heap before GC invocations=45 (full 0):
 garbage-first heap   total reserved 2097152K, committed 256000K, used 220217K [0x0000000080000000, 0x0000000100000000)
  region size 1024K, 72 young (73728K), 8 survivors (8192K)
 Metaspace       used 88742K, committed 91008K, reserved 1179648K
  class space    used 12845K, committed 13888K, reserved 1048576K
}
Event: 18.175 GC heap after
{Heap after GC invocations=46 (full 0):
 garbage-first heap   total reserved 2097152K, committed 256000K, used 160703K [0x0000000080000000, 0x0000000100000000)
  region size 1024K, 9 young (9216K), 9 survivors (9216K)
 Metaspace       used 88742K, committed 91008K, reserved 1179648K
  class space    used 12845K, committed 13888K, reserved 1048576K
}
Event: 19.189 GC heap before
{Heap before GC invocations=47 (full 0):
 garbage-first heap   total reserved 2097152K, committed 273408K, used 233407K [0x0000000080000000, 0x0000000100000000)
  region size 1024K, 78 young (79872K), 9 survivors (9216K)
 Metaspace       used 95394K, committed 97728K, reserved 1179648K
  class space    used 13771K, committed 14912K, reserved 1048576K
}
Event: 19.198 GC heap after
{Heap after GC invocations=48 (full 0):
 garbage-first heap   total reserved 2097152K, committed 273408K, used 162566K [0x0000000080000000, 0x0000000100000000)
  region size 1024K, 8 young (8192K), 8 survivors (8192K)
 Metaspace       used 95394K, committed 97728K, reserved 1179648K
  class space    used 13771K, committed 14912K, reserved 1048576K
}
Event: 24.457 GC heap before
{Heap before GC invocations=48 (full 0):
 garbage-first heap   total reserved 2097152K, committed 273408K, used 252678K [0x0000000080000000, 0x0000000100000000)
  region size 1024K, 92 young (94208K), 8 survivors (8192K)
 Metaspace       used 106012K, committed 108352K, reserved 1179648K
  class space    used 14942K, committed 16064K, reserved 1048576K
}
Event: 24.476 GC heap after
{Heap after GC invocations=49 (full 0):
 garbage-first heap   total reserved 2097152K, committed 273408K, used 168446K [0x0000000080000000, 0x0000000100000000)
  region size 1024K, 12 young (12288K), 12 survivors (12288K)
 Metaspace       used 106012K, committed 108352K, reserved 1179648K
  class space    used 14942K, committed 16064K, reserved 1048576K
}

