# JRE version: Java(TM) SE Runtime Environment (23.0.1+11) (build 23.0.1+11-39)
# Java VM: Java HotSpot(TM) 64-Bit Server VM (23.0.1+11-39, mixed mode, sharing, tiered, compressed oops, compressed class ptrs, g1 gc, windows-amd64)
GC Precious Log:
 CardTable entry size: 512
 Card Set container configuration: InlinePtr #cards 5 size 8 Array Of Cards #cards 10 size 36 Howl #buckets 4 coarsen threshold 1843 Howl Bitmap #cards 512 size 80 coarsen threshold 460 Card regions per heap region 1 cards per card region 2048
 CPUs: 8 total, 8 available
 Memory: 7882M
 Large Page Support: Disabled
 NUMA Support: Disabled
 Compressed Oops: Enabled (32-bit)
 Heap Region Size: 1M
 Heap Min Capacity: 8M
 Heap Initial Capacity: 124M
 Heap Max Capacity: 2G
 Pre-touch: Disabled
 Parallel Workers: 8
 Concurrent Workers: 2
 Concurrent Refinement Workers: 8
 Periodic GC: Disabled
Heap:
 garbage-first heap   total reserved 2097152K, committed 168960K, used 159261K [0x0000000080000000, 0x0000000100000000)
  region size 1024K, 41 young (41984K), 3 survivors (3072K)
 Metaspace       used 91544K, committed 93696K, reserved 1179648K
  class space    used 13257K, committed 14272K, reserved 1048576K
GC Heap History (20 events):
Event: 8.295 GC heap before
{Heap before GC invocations=22 (full 0):
 garbage-first heap   total reserved 2097152K, committed 129024K, used 117646K [0x0000000080000000, 0x0000000100000000)
  region size 1024K, 51 young (52224K), 4 survivors (4096K)
 Metaspace       used 66848K, committed 68736K, reserved 1114112K
  class space    used 9683K, committed 10560K, reserved 1048576K
}
Event: 8.301 GC heap after
{Heap after GC invocations=23 (full 0):
 garbage-first heap   total reserved 2097152K, committed 129024K, used 69064K [0x0000000080000000, 0x0000000100000000)
  region size 1024K, 7 young (7168K), 7 survivors (7168K)
 Metaspace       used 66848K, committed 68736K, reserved 1114112K
  class space    used 9683K, committed 10560K, reserved 1048576K
}
Event: 8.691 GC heap before
{Heap before GC invocations=23 (full 0):
 garbage-first heap   total reserved 2097152K, committed 129024K, used 114120K [0x0000000080000000, 0x0000000100000000)
  region size 1024K, 51 young (52224K), 7 survivors (7168K)
 Metaspace       used 69345K, committed 71296K, reserved 1114112K
  class space    used 10005K, committed 10944K, reserved 1048576K
}
Event: 8.699 GC heap after
{Heap after GC invocations=24 (full 0):
 garbage-first heap   total reserved 2097152K, committed 129024K, used 72611K [0x0000000080000000, 0x0000000100000000)
  region size 1024K, 5 young (5120K), 5 survivors (5120K)
 Metaspace       used 69345K, committed 71296K, reserved 1114112K
  class space    used 10005K, committed 10944K, reserved 1048576K
}
Event: 8.921 GC heap before
{Heap before GC invocations=24 (full 0):
 garbage-first heap   total reserved 2097152K, committed 129024K, used 99235K [0x0000000080000000, 0x0000000100000000)
  region size 1024K, 32 young (32768K), 5 survivors (5120K)
 Metaspace       used 71292K, committed 73216K, reserved 1114112K
  class space    used 10289K, committed 11200K, reserved 1048576K
}
Event: 8.925 GC heap after
{Heap after GC invocations=25 (full 0):
 garbage-first heap   total reserved 2097152K, committed 129024K, used 74356K [0x0000000080000000, 0x0000000100000000)
  region size 1024K, 2 young (2048K), 2 survivors (2048K)
 Metaspace       used 71292K, committed 73216K, reserved 1114112K
  class space    used 10289K, committed 11200K, reserved 1048576K
}
Event: 9.344 GC heap before
{Heap before GC invocations=26 (full 0):
 garbage-first heap   total reserved 2097152K, committed 129024K, used 118388K [0x0000000080000000, 0x0000000100000000)
  region size 1024K, 44 young (45056K), 2 survivors (2048K)
 Metaspace       used 74588K, committed 76544K, reserved 1114112K
  class space    used 10894K, committed 11840K, reserved 1048576K
}
Event: 9.348 GC heap after
{Heap after GC invocations=27 (full 0):
 garbage-first heap   total reserved 2097152K, committed 129024K, used 75118K [0x0000000080000000, 0x0000000100000000)
  region size 1024K, 3 young (3072K), 3 survivors (3072K)
 Metaspace       used 74588K, committed 76544K, reserved 1114112K
  class space    used 10894K, committed 11840K, reserved 1048576K
}
Event: 9.786 GC heap before
{Heap before GC invocations=27 (full 0):
 garbage-first heap   total reserved 2097152K, committed 129024K, used 118126K [0x0000000080000000, 0x0000000100000000)
  region size 1024K, 45 young (46080K), 3 survivors (3072K)
 Metaspace       used 77973K, committed 80000K, reserved 1179648K
  class space    used 11383K, committed 12352K, reserved 1048576K
}
Event: 9.791 GC heap after
{Heap after GC invocations=28 (full 0):
 garbage-first heap   total reserved 2097152K, committed 129024K, used 76394K [0x0000000080000000, 0x0000000100000000)
  region size 1024K, 5 young (5120K), 5 survivors (5120K)
 Metaspace       used 77973K, committed 80000K, reserved 1179648K
  class space    used 11383K, committed 12352K, reserved 1048576K
}
Event: 10.160 GC heap before
{Heap before GC invocations=28 (full 0):
 garbage-first heap   total reserved 2097152K, committed 129024K, used 116330K [0x0000000080000000, 0x0000000100000000)
  region size 1024K, 44 young (45056K), 5 survivors (5120K)
 Metaspace       used 80833K, committed 82944K, reserved 1179648K
  class space    used 11818K, committed 12800K, reserved 1048576K
}
Event: 10.166 GC heap after
{Heap after GC invocations=29 (full 0):
 garbage-first heap   total reserved 2097152K, committed 155648K, used 78870K [0x0000000080000000, 0x0000000100000000)
  region size 1024K, 5 young (5120K), 5 survivors (5120K)
 Metaspace       used 80833K, committed 82944K, reserved 1179648K
  class space    used 11818K, committed 12800K, reserved 1048576K
}
Event: 10.713 GC heap before
{Heap before GC invocations=30 (full 0):
 garbage-first heap   total reserved 2097152K, committed 155648K, used 138262K [0x0000000080000000, 0x0000000100000000)
  region size 1024K, 63 young (64512K), 5 survivors (5120K)
 Metaspace       used 84504K, committed 86720K, reserved 1179648K
  class space    used 12440K, committed 13504K, reserved 1048576K
}
Event: 10.721 GC heap after
{Heap after GC invocations=31 (full 0):
 garbage-first heap   total reserved 2097152K, committed 155648K, used 82367K [0x0000000080000000, 0x0000000100000000)
  region size 1024K, 6 young (6144K), 6 survivors (6144K)
 Metaspace       used 84504K, committed 86720K, reserved 1179648K
  class space    used 12440K, committed 13504K, reserved 1048576K
}
Event: 11.214 GC heap before
{Heap before GC invocations=31 (full 0):
 garbage-first heap   total reserved 2097152K, committed 155648K, used 138687K [0x0000000080000000, 0x0000000100000000)
  region size 1024K, 62 young (63488K), 6 survivors (6144K)
 Metaspace       used 85895K, committed 88064K, reserved 1179648K
  class space    used 12665K, committed 13696K, reserved 1048576K
}
Event: 11.224 GC heap after
{Heap after GC invocations=32 (full 0):
 garbage-first heap   total reserved 2097152K, committed 155648K, used 85781K [0x0000000080000000, 0x0000000100000000)
  region size 1024K, 8 young (8192K), 8 survivors (8192K)
 Metaspace       used 85895K, committed 88064K, reserved 1179648K
  class space    used 12665K, committed 13696K, reserved 1048576K
}
Event: 11.316 GC heap before
{Heap before GC invocations=32 (full 0):
 garbage-first heap   total reserved 2097152K, committed 155648K, used 103189K [0x0000000080000000, 0x0000000100000000)
  region size 1024K, 27 young (27648K), 8 survivors (8192K)
 Metaspace       used 86132K, committed 88320K, reserved 1179648K
  class space    used 12710K, committed 13760K, reserved 1048576K
}
Event: 11.322 GC heap after
{Heap after GC invocations=33 (full 0):
 garbage-first heap   total reserved 2097152K, committed 155648K, used 88270K [0x0000000080000000, 0x0000000100000000)
  region size 1024K, 4 young (4096K), 4 survivors (4096K)
 Metaspace       used 86132K, committed 88320K, reserved 1179648K
  class space    used 12710K, committed 13760K, reserved 1048576K
}
Event: 11.843 GC heap before
{Heap before GC invocations=34 (full 0):
 garbage-first heap   total reserved 2097152K, committed 157696K, used 146638K [0x0000000080000000, 0x0000000100000000)
  region size 1024K, 55 young (56320K), 4 survivors (4096K)
 Metaspace       used 89215K, committed 91456K, reserved 1179648K
  class space    used 13002K, committed 14080K, reserved 1048576K
}
Event: 11.856 GC heap after
{Heap after GC invocations=35 (full 0):
 garbage-first heap   total reserved 2097152K, committed 168960K, used 104989K [0x0000000080000000, 0x0000000100000000)
  region size 1024K, 7 young (7168K), 7 survivors (7168K)
 Metaspace       used 89215K, committed 91456K, reserved 1179648K
  class space    used 13002K, committed 14080K, reserved 1048576K
}

