# JRE version: Java(TM) SE Runtime Environment (23.0.1+11) (build 23.0.1+11-39)
# Java VM: Java HotSpot(TM) 64-Bit Server VM (23.0.1+11-39, mixed mode, sharing, tiered, compressed oops, compressed class ptrs, g1 gc, windows-amd64)
GC Precious Log:
 CardTable entry size: 512
 Card Set container configuration: InlinePtr #cards 5 size 8 Array Of Cards #cards 10 size 36 Howl #buckets 4 coarsen threshold 1843 Howl Bitmap #cards 512 size 80 coarsen threshold 460 Card regions per heap region 1 cards per card region 2048
 CPUs: 8 total, 8 available
 Memory: 7882M
 Large Page Support: Disabled
 NUMA Support: Disabled
 Compressed Oops: Enabled (32-bit)
 Heap Region Size: 1M
 Heap Min Capacity: 8M
 Heap Initial Capacity: 124M
 Heap Max Capacity: 2G
 Pre-touch: Disabled
 Parallel Workers: 8
 Concurrent Workers: 2
 Concurrent Refinement Workers: 8
 Periodic GC: Disabled
Heap:
 garbage-first heap   total reserved 2097152K, committed 377856K, used 295575K [0x0000000080000000, 0x0000000100000000)
  region size 1024K, 62 young (63488K), 4 survivors (4096K)
 Metaspace       used 157824K, committed 160384K, reserved 1245184K
  class space    used 22569K, committed 23744K, reserved 1048576K
GC Heap History (20 events):
Event: 1572.900 GC heap before
{Heap before GC invocations=60 (full 0):
 garbage-first heap   total reserved 2097152K, committed 285696K, used 262906K [0x0000000080000000, 0x0000000100000000)
  region size 1024K, 92 young (94208K), 7 survivors (7168K)
 Metaspace       used 121148K, committed 123520K, reserved 1179648K
  class space    used 17317K, committed 18432K, reserved 1048576K
}
Event: 1573.124 GC heap after
{Heap after GC invocations=61 (full 0):
 garbage-first heap   total reserved 2097152K, committed 285696K, used 180455K [0x0000000080000000, 0x0000000100000000)
  region size 1024K, 4 young (4096K), 4 survivors (4096K)
 Metaspace       used 121148K, committed 123520K, reserved 1179648K
  class space    used 17317K, committed 18432K, reserved 1048576K
}
Event: 1576.502 GC heap before
{Heap before GC invocations=62 (full 0):
 garbage-first heap   total reserved 2097152K, committed 302080K, used 263399K [0x0000000080000000, 0x0000000100000000)
  region size 1024K, 86 young (88064K), 4 survivors (4096K)
 Metaspace       used 124417K, committed 126784K, reserved 1179648K
  class space    used 17835K, committed 18944K, reserved 1048576K
}
Event: 1576.546 GC heap after
{Heap after GC invocations=63 (full 0):
 garbage-first heap   total reserved 2097152K, committed 302080K, used 189760K [0x0000000080000000, 0x0000000100000000)
  region size 1024K, 11 young (11264K), 11 survivors (11264K)
 Metaspace       used 124417K, committed 126784K, reserved 1179648K
  class space    used 17835K, committed 18944K, reserved 1048576K
}
Event: 1578.075 GC heap before
{Heap before GC invocations=63 (full 0):
 garbage-first heap   total reserved 2097152K, committed 302080K, used 290112K [0x0000000080000000, 0x0000000100000000)
  region size 1024K, 93 young (95232K), 11 survivors (11264K)
 Metaspace       used 126881K, committed 129344K, reserved 1179648K
  class space    used 18104K, committed 19264K, reserved 1048576K
}
Event: 1578.117 GC heap after
{Heap after GC invocations=64 (full 0):
 garbage-first heap   total reserved 2097152K, committed 308224K, used 190782K [0x0000000080000000, 0x0000000100000000)
  region size 1024K, 2 young (2048K), 2 survivors (2048K)
 Metaspace       used 126881K, committed 129344K, reserved 1179648K
  class space    used 18104K, committed 19264K, reserved 1048576K
}
Event: 1579.840 GC heap before
{Heap before GC invocations=64 (full 0):
 garbage-first heap   total reserved 2097152K, committed 308224K, used 282942K [0x0000000080000000, 0x0000000100000000)
  region size 1024K, 93 young (95232K), 2 survivors (2048K)
 Metaspace       used 130329K, committed 132800K, reserved 1179648K
  class space    used 18496K, committed 19648K, reserved 1048576K
}
Event: 1579.852 GC heap after
{Heap after GC invocations=65 (full 0):
 garbage-first heap   total reserved 2097152K, committed 308224K, used 197004K [0x0000000080000000, 0x0000000100000000)
  region size 1024K, 8 young (8192K), 8 survivors (8192K)
 Metaspace       used 130329K, committed 132800K, reserved 1179648K
  class space    used 18496K, committed 19648K, reserved 1048576K
}
Event: 1583.414 GC heap before
{Heap before GC invocations=66 (full 0):
 garbage-first heap   total reserved 2097152K, committed 329728K, used 280972K [0x0000000080000000, 0x0000000100000000)
  region size 1024K, 91 young (93184K), 8 survivors (8192K)
 Metaspace       used 130992K, committed 133440K, reserved 1179648K
  class space    used 18574K, committed 19712K, reserved 1048576K
}
Event: 1583.436 GC heap after
{Heap after GC invocations=67 (full 0):
 garbage-first heap   total reserved 2097152K, committed 329728K, used 201639K [0x0000000080000000, 0x0000000100000000)
  region size 1024K, 7 young (7168K), 7 survivors (7168K)
 Metaspace       used 130992K, committed 133440K, reserved 1179648K
  class space    used 18574K, committed 19712K, reserved 1048576K
}
Event: 1585.842 GC heap before
{Heap before GC invocations=67 (full 0):
 garbage-first heap   total reserved 2097152K, committed 329728K, used 304039K [0x0000000080000000, 0x0000000100000000)
  region size 1024K, 104 young (106496K), 7 survivors (7168K)
 Metaspace       used 139298K, committed 141824K, reserved 1179648K
  class space    used 19630K, committed 20800K, reserved 1048576K
}
Event: 1585.858 GC heap after
{Heap after GC invocations=68 (full 0):
 garbage-first heap   total reserved 2097152K, committed 329728K, used 206276K [0x0000000080000000, 0x0000000100000000)
  region size 1024K, 13 young (13312K), 13 survivors (13312K)
 Metaspace       used 139298K, committed 141824K, reserved 1179648K
  class space    used 19630K, committed 20800K, reserved 1048576K
}
Event: 1585.937 GC heap before
{Heap before GC invocations=68 (full 0):
 garbage-first heap   total reserved 2097152K, committed 329728K, used 207300K [0x0000000080000000, 0x0000000100000000)
  region size 1024K, 15 young (15360K), 13 survivors (13312K)
 Metaspace       used 139815K, committed 142464K, reserved 1179648K
  class space    used 19694K, committed 20928K, reserved 1048576K
}
Event: 1585.949 GC heap after
{Heap after GC invocations=69 (full 0):
 garbage-first heap   total reserved 2097152K, committed 329728K, used 209580K [0x0000000080000000, 0x0000000100000000)
  region size 1024K, 2 young (2048K), 2 survivors (2048K)
 Metaspace       used 139815K, committed 142464K, reserved 1179648K
  class space    used 19694K, committed 20928K, reserved 1048576K
}
Event: 1587.838 GC heap before
{Heap before GC invocations=70 (full 0):
 garbage-first heap   total reserved 2097152K, committed 353280K, used 305836K [0x0000000080000000, 0x0000000100000000)
  region size 1024K, 93 young (95232K), 2 survivors (2048K)
 Metaspace       used 143399K, committed 145984K, reserved 1179648K
  class space    used 20148K, committed 21376K, reserved 1048576K
}
Event: 1587.855 GC heap after
{Heap after GC invocations=71 (full 0):
 garbage-first heap   total reserved 2097152K, committed 353280K, used 218286K [0x0000000080000000, 0x0000000100000000)
  region size 1024K, 11 young (11264K), 11 survivors (11264K)
 Metaspace       used 143399K, committed 145984K, reserved 1179648K
  class space    used 20148K, committed 21376K, reserved 1048576K
}
Event: 1588.943 GC heap before
{Heap before GC invocations=71 (full 0):
 garbage-first heap   total reserved 2097152K, committed 353280K, used 318638K [0x0000000080000000, 0x0000000100000000)
  region size 1024K, 110 young (112640K), 11 survivors (11264K)
 Metaspace       used 152528K, committed 155136K, reserved 1245184K
  class space    used 21611K, committed 22848K, reserved 1048576K
}
Event: 1588.975 GC heap after
{Heap after GC invocations=72 (full 0):
 garbage-first heap   total reserved 2097152K, committed 353280K, used 225453K [0x0000000080000000, 0x0000000100000000)
  region size 1024K, 11 young (11264K), 11 survivors (11264K)
 Metaspace       used 152528K, committed 155136K, reserved 1245184K
  class space    used 21611K, committed 22848K, reserved 1048576K
}
Event: 1589.443 GC heap before
{Heap before GC invocations=72 (full 0):
 garbage-first heap   total reserved 2097152K, committed 353280K, used 273581K [0x0000000080000000, 0x0000000100000000)
  region size 1024K, 60 young (61440K), 11 survivors (11264K)
 Metaspace       used 155256K, committed 157824K, reserved 1245184K
  class space    used 22120K, committed 23360K, reserved 1048576K
}
Event: 1589.515 GC heap after
{Heap after GC invocations=73 (full 0):
 garbage-first heap   total reserved 2097152K, committed 353280K, used 223895K [0x0000000080000000, 0x0000000100000000)
  region size 1024K, 4 young (4096K), 4 survivors (4096K)
 Metaspace       used 155256K, committed 157824K, reserved 1245184K
  class space    used 22120K, committed 23360K, reserved 1048576K
}

