# JRE version: Java(TM) SE Runtime Environment (23.0.1+11) (build 23.0.1+11-39)
# Java VM: Java HotSpot(TM) 64-Bit Server VM (23.0.1+11-39, mixed mode, sharing, tiered, compressed oops, compressed class ptrs, g1 gc, windows-amd64)
GC Precious Log:
 CardTable entry size: 512
 Card Set container configuration: InlinePtr #cards 5 size 8 Array Of Cards #cards 10 size 36 Howl #buckets 4 coarsen threshold 1843 Howl Bitmap #cards 512 size 80 coarsen threshold 460 Card regions per heap region 1 cards per card region 2048
 CPUs: 8 total, 8 available
 Memory: 7882M
 Large Page Support: Disabled
 NUMA Support: Disabled
 Compressed Oops: Enabled (32-bit)
 Heap Region Size: 1M
 Heap Min Capacity: 8M
 Heap Initial Capacity: 124M
 Heap Max Capacity: 2G
 Pre-touch: Disabled
 Parallel Workers: 8
 Concurrent Workers: 2
 Concurrent Refinement Workers: 8
 Periodic GC: Disabled
Heap:
 garbage-first heap   total reserved 2097152K, committed 229376K, used 144441K [0x0000000080000000, 0x0000000100000000)
  region size 1024K, 45 young (46080K), 3 survivors (3072K)
 Metaspace       used 107500K, committed 109824K, reserved 1179648K
  class space    used 14944K, committed 16064K, reserved 1048576K
GC Heap History (20 events):
Event: 16.358 GC heap before
{Heap before GC invocations=39 (full 0):
 garbage-first heap   total reserved 2097152K, committed 229376K, used 167936K [0x0000000080000000, 0x0000000100000000)
  region size 1024K, 37 young (37888K), 6 survivors (6144K)
 Metaspace       used 97461K, committed 99712K, reserved 1179648K
  class space    used 13953K, committed 15040K, reserved 1048576K
}
Event: 16.396 GC heap after
{Heap after GC invocations=40 (full 0):
 garbage-first heap   total reserved 2097152K, committed 229376K, used 124984K [0x0000000080000000, 0x0000000100000000)
  region size 1024K, 3 young (3072K), 3 survivors (3072K)
 Metaspace       used 97461K, committed 99712K, reserved 1179648K
  class space    used 13953K, committed 15040K, reserved 1048576K
}
Event: 17.527 GC heap before
{Heap before GC invocations=40 (full 0):
 garbage-first heap   total reserved 2097152K, committed 229376K, used 195640K [0x0000000080000000, 0x0000000100000000)
  region size 1024K, 73 young (74752K), 3 survivors (3072K)
 Metaspace       used 100463K, committed 102720K, reserved 1179648K
  class space    used 14283K, committed 15360K, reserved 1048576K
}
Event: 17.543 GC heap after
{Heap after GC invocations=41 (full 0):
 garbage-first heap   total reserved 2097152K, committed 229376K, used 131685K [0x0000000080000000, 0x0000000100000000)
  region size 1024K, 10 young (10240K), 10 survivors (10240K)
 Metaspace       used 100463K, committed 102720K, reserved 1179648K
  class space    used 14283K, committed 15360K, reserved 1048576K
}
Event: 20.137 GC heap before
{Heap before GC invocations=41 (full 0):
 garbage-first heap   total reserved 2097152K, committed 229376K, used 196197K [0x0000000080000000, 0x0000000100000000)
  region size 1024K, 74 young (75776K), 10 survivors (10240K)
 Metaspace       used 102094K, committed 104320K, reserved 1179648K
  class space    used 14465K, committed 15552K, reserved 1048576K
}
Event: 20.198 GC heap after
{Heap after GC invocations=42 (full 0):
 garbage-first heap   total reserved 2097152K, committed 229376K, used 131547K [0x0000000080000000, 0x0000000100000000)
  region size 1024K, 7 young (7168K), 7 survivors (7168K)
 Metaspace       used 102094K, committed 104320K, reserved 1179648K
  class space    used 14465K, committed 15552K, reserved 1048576K
}
Event: 26.026 GC heap before
{Heap before GC invocations=42 (full 0):
 garbage-first heap   total reserved 2097152K, committed 229376K, used 198107K [0x0000000080000000, 0x0000000100000000)
  region size 1024K, 73 young (74752K), 7 survivors (7168K)
 Metaspace       used 102312K, committed 104512K, reserved 1179648K
  class space    used 14482K, committed 15552K, reserved 1048576K
}
Event: 26.050 GC heap after
{Heap after GC invocations=43 (full 0):
 garbage-first heap   total reserved 2097152K, committed 229376K, used 134284K [0x0000000080000000, 0x0000000100000000)
  region size 1024K, 6 young (6144K), 6 survivors (6144K)
 Metaspace       used 102312K, committed 104512K, reserved 1179648K
  class space    used 14482K, committed 15552K, reserved 1048576K
}
Event: 149.441 GC heap before
{Heap before GC invocations=44 (full 0):
 garbage-first heap   total reserved 2097152K, committed 229376K, used 182412K [0x0000000080000000, 0x0000000100000000)
  region size 1024K, 73 young (74752K), 6 survivors (6144K)
 Metaspace       used 105713K, committed 108032K, reserved 1179648K
  class space    used 14913K, committed 16000K, reserved 1048576K
}
Event: 149.685 GC heap after
{Heap after GC invocations=45 (full 0):
 garbage-first heap   total reserved 2097152K, committed 229376K, used 118043K [0x0000000080000000, 0x0000000100000000)
  region size 1024K, 9 young (9216K), 9 survivors (9216K)
 Metaspace       used 105713K, committed 108032K, reserved 1179648K
  class space    used 14913K, committed 16000K, reserved 1048576K
}
Event: 212.669 GC heap before
{Heap before GC invocations=45 (full 0):
 garbage-first heap   total reserved 2097152K, committed 229376K, used 198939K [0x0000000080000000, 0x0000000100000000)
  region size 1024K, 89 young (91136K), 9 survivors (9216K)
 Metaspace       used 106224K, committed 108480K, reserved 1179648K
  class space    used 14928K, committed 16000K, reserved 1048576K
}
Event: 212.735 GC heap after
{Heap after GC invocations=46 (full 0):
 garbage-first heap   total reserved 2097152K, committed 229376K, used 106596K [0x0000000080000000, 0x0000000100000000)
  region size 1024K, 3 young (3072K), 3 survivors (3072K)
 Metaspace       used 106224K, committed 108480K, reserved 1179648K
  class space    used 14928K, committed 16000K, reserved 1048576K
}
Event: 229.020 GC heap before
{Heap before GC invocations=46 (full 0):
 garbage-first heap   total reserved 2097152K, committed 229376K, used 191588K [0x0000000080000000, 0x0000000100000000)
  region size 1024K, 87 young (89088K), 3 survivors (3072K)
 Metaspace       used 106608K, committed 108864K, reserved 1179648K
  class space    used 14930K, committed 16000K, reserved 1048576K
}
Event: 229.030 GC heap after
{Heap after GC invocations=47 (full 0):
 garbage-first heap   total reserved 2097152K, committed 229376K, used 106392K [0x0000000080000000, 0x0000000100000000)
  region size 1024K, 3 young (3072K), 3 survivors (3072K)
 Metaspace       used 106608K, committed 108864K, reserved 1179648K
  class space    used 14930K, committed 16000K, reserved 1048576K
}
Event: 234.882 GC heap before
{Heap before GC invocations=47 (full 0):
 garbage-first heap   total reserved 2097152K, committed 229376K, used 195480K [0x0000000080000000, 0x0000000100000000)
  region size 1024K, 91 young (93184K), 3 survivors (3072K)
 Metaspace       used 106900K, committed 109120K, reserved 1179648K
  class space    used 14935K, committed 16000K, reserved 1048576K
}
Event: 234.896 GC heap after
{Heap after GC invocations=48 (full 0):
 garbage-first heap   total reserved 2097152K, committed 229376K, used 106401K [0x0000000080000000, 0x0000000100000000)
  region size 1024K, 3 young (3072K), 3 survivors (3072K)
 Metaspace       used 106900K, committed 109120K, reserved 1179648K
  class space    used 14935K, committed 16000K, reserved 1048576K
}
Event: 264.585 GC heap before
{Heap before GC invocations=49 (full 0):
 garbage-first heap   total reserved 2097152K, committed 229376K, used 198561K [0x0000000080000000, 0x0000000100000000)
  region size 1024K, 94 young (96256K), 3 survivors (3072K)
 Metaspace       used 107137K, committed 109440K, reserved 1179648K
  class space    used 14938K, committed 16064K, reserved 1048576K
}
Event: 264.604 GC heap after
{Heap after GC invocations=50 (full 0):
 garbage-first heap   total reserved 2097152K, committed 229376K, used 106635K [0x0000000080000000, 0x0000000100000000)
  region size 1024K, 3 young (3072K), 3 survivors (3072K)
 Metaspace       used 107137K, committed 109440K, reserved 1179648K
  class space    used 14938K, committed 16064K, reserved 1048576K
}
Event: 549.073 GC heap before
{Heap before GC invocations=50 (full 0):
 garbage-first heap   total reserved 2097152K, committed 229376K, used 200843K [0x0000000080000000, 0x0000000100000000)
  region size 1024K, 96 young (98304K), 3 survivors (3072K)
 Metaspace       used 107379K, committed 109696K, reserved 1179648K
  class space    used 14940K, committed 16064K, reserved 1048576K
}
Event: 549.246 GC heap after
{Heap after GC invocations=51 (full 0):
 garbage-first heap   total reserved 2097152K, committed 229376K, used 103481K [0x0000000080000000, 0x0000000100000000)
  region size 1024K, 3 young (3072K), 3 survivors (3072K)
 Metaspace       used 107379K, committed 109696K, reserved 1179648K
  class space    used 14940K, committed 16064K, reserved 1048576K
}

